Using pre-set license
Built from '2020.3/release' branch; Version is '2020.3.7f1 (dd97f2c94397) revision 14522354'; Using compiler version '192528614'; Build Type 'Release'
OS: 'Windows 10 Pro; OS build 19042.1466; Version 2009; 64bit' Language: 'en' Physical Memory: 16332 MB
BatchMode: 1, IsHumanControllingUs: 0, StartBugReporterOnCrash: 0, Is64bit: 1, IsPro: 0

 COMMAND LINE ARGUMENTS:
C:\Users\Julaxe\Documents\dev\Unity\2020.3.7f1\Editor\Unity.exe
-adb2
-batchMode
-noUpm
-name
AssetImportWorker0
-projectPath
D:/dev/GBC/Semester6/GameEnginesIV/Labs/GameEnginesIVLabs/GameEnginesIVLabs
-logFile
Logs/AssetImportWorker0.log
-srvPort
59604
Successfully changed project path to: D:/dev/GBC/Semester6/GameEnginesIV/Labs/GameEnginesIVLabs/GameEnginesIVLabs
D:/dev/GBC/Semester6/GameEnginesIV/Labs/GameEnginesIVLabs/GameEnginesIVLabs
Using Asset Import Pipeline V2.
Refreshing native plugins compatible for Editor in 32.77 ms, found 0 plugins.
Preloading 0 native plugins for Editor in 0.00 ms.
Initialize engine version: 2020.3.7f1 (dd97f2c94397)
[Subsystems] Discovering subsystems at path C:/Users/Julaxe/Documents/dev/Unity/2020.3.7f1/Editor/Data/Resources/UnitySubsystems
[Subsystems] Discovering subsystems at path D:/dev/GBC/Semester6/GameEnginesIV/Labs/GameEnginesIVLabs/GameEnginesIVLabs/Assets
GfxDevice: creating device client; threaded=0
Direct3D:
    Version:  Direct3D 11.0 [level 11.1]
    Renderer: NVIDIA GeForce GTX 1070 (ID=0x1b81)
    Vendor:   
    VRAM:     8088 MB
    Driver:   30.0.14.9729
Initialize mono
Mono path[0] = 'C:/Users/Julaxe/Documents/dev/Unity/2020.3.7f1/Editor/Data/Managed'
Mono path[1] = 'C:/Users/Julaxe/Documents/dev/Unity/2020.3.7f1/Editor/Data/MonoBleedingEdge/lib/mono/unityjit'
Mono config path = 'C:/Users/Julaxe/Documents/dev/Unity/2020.3.7f1/Editor/Data/MonoBleedingEdge/etc'
Using monoOptions --debugger-agent=transport=dt_socket,embedding=1,server=y,suspend=n,address=127.0.0.1:56312
Begin MonoManager ReloadAssembly
Registering precompiled unity dll's ...
Register platform support module: C:/Users/Julaxe/Documents/dev/Unity/2020.3.7f1/Editor/Data/PlaybackEngines/WindowsStandaloneSupport/UnityEditor.WindowsStandalone.Extensions.dll
Registered in 0.001800 seconds.
Native extension for WindowsStandalone target not found
Refreshing native plugins compatible for Editor in 33.39 ms, found 0 plugins.
Preloading 0 native plugins for Editor in 0.00 ms.
Mono: successfully reloaded assembly
- Completed reload, in  1.899 seconds
Platform modules already initialized, skipping
Registering precompiled user dll's ...
Registered in 0.001031 seconds.
Begin MonoManager ReloadAssembly
Native extension for WindowsStandalone target not found
Refreshing native plugins compatible for Editor in 35.04 ms, found 0 plugins.
Preloading 0 native plugins for Editor in 0.00 ms.
Mono: successfully reloaded assembly
- Completed reload, in  0.923 seconds
Platform modules already initialized, skipping
========================================================================
Worker process is ready to serve import requests
Launched and connected shader compiler UnityShaderCompiler.exe after 0.04 seconds
Refreshing native plugins compatible for Editor in 0.90 ms, found 0 plugins.
Preloading 0 native plugins for Editor in 0.00 ms.
Unloading 1924 Unused Serialized files (Serialized files now loaded: 0)
System memory in use before: 89.3 MB.
System memory in use after: 89.3 MB.

Unloading 14 unused Assets to reduce memory usage. Loaded Objects now: 2369.
Total: 4.023400 ms (FindLiveObjects: 1.539800 ms CreateObjectMapping: 0.153000 ms MarkObjects: 2.206900 ms  DeleteObjects: 0.122000 ms)

========================================================================
Received Import Request.
  path: Assets/PolygonApocalypse/Prefabs/Weapons/Guns/SM_Wep_AssaultRifle_01.prefab
  artifactKey: Guid(ad49a19d2c4adc94b838606a5d459f85) Importer(815301076,1909f56bfc062723c751e8b465ee728b)
Start importing Assets/PolygonApocalypse/Prefabs/Weapons/Guns/SM_Wep_AssaultRifle_01.prefab using Guid(ad49a19d2c4adc94b838606a5d459f85) Importer(815301076,1909f56bfc062723c751e8b465ee728b)  -> (artifact id: '378b5f4859432911bb88922c80f6b2fa') in 0.167815 seconds
  Import took 0.174830 seconds .

========================================================================
Received Import Request.
  Time since last request: 3.838980 seconds.
  path: Assets/PolygonApocalypse/Prefabs/Weapons/Guns/SM_Wep_AssaultRifle_01.prefab
  artifactKey: Guid(ad49a19d2c4adc94b838606a5d459f85) Importer(815301076,1909f56bfc062723c751e8b465ee728b)
Start importing Assets/PolygonApocalypse/Prefabs/Weapons/Guns/SM_Wep_AssaultRifle_01.prefab using Guid(ad49a19d2c4adc94b838606a5d459f85) Importer(815301076,1909f56bfc062723c751e8b465ee728b)  -> (artifact id: '32ff7fae3e6b2a6214feb7b0b9f05b2f') in 0.065416 seconds
  Import took 0.129562 seconds .

========================================================================
Received Import Request.
  Time since last request: 1.682331 seconds.
  path: Assets/PolygonApocalypse/Prefabs/Weapons/Guns/SM_Wep_AssaultRifle_01.prefab
  artifactKey: Guid(ad49a19d2c4adc94b838606a5d459f85) Importer(815301076,1909f56bfc062723c751e8b465ee728b)
Start importing Assets/PolygonApocalypse/Prefabs/Weapons/Guns/SM_Wep_AssaultRifle_01.prefab using Guid(ad49a19d2c4adc94b838606a5d459f85) Importer(815301076,1909f56bfc062723c751e8b465ee728b)  -> (artifact id: 'ad7dd0b9735b56d7907faf696e283140') in 0.060684 seconds
  Import took 0.067572 seconds .

========================================================================
Received Import Request.
  Time since last request: 1.566449 seconds.
  path: Assets/PolygonApocalypse/Prefabs/Weapons/Guns/SM_Wep_AssaultRifle_01.prefab
  artifactKey: Guid(ad49a19d2c4adc94b838606a5d459f85) Importer(815301076,1909f56bfc062723c751e8b465ee728b)
Start importing Assets/PolygonApocalypse/Prefabs/Weapons/Guns/SM_Wep_AssaultRifle_01.prefab using Guid(ad49a19d2c4adc94b838606a5d459f85) Importer(815301076,1909f56bfc062723c751e8b465ee728b)  -> (artifact id: '66d5f236291e7456cfb9c0408befa39f') in 0.051810 seconds
  Import took 0.069486 seconds .

========================================================================
Received Import Request.
  Time since last request: 1.738640 seconds.
  path: Assets/PolygonApocalypse/Prefabs/Weapons/Guns/SM_Wep_AssaultRifle_01.prefab
  artifactKey: Guid(ad49a19d2c4adc94b838606a5d459f85) Importer(815301076,1909f56bfc062723c751e8b465ee728b)
Start importing Assets/PolygonApocalypse/Prefabs/Weapons/Guns/SM_Wep_AssaultRifle_01.prefab using Guid(ad49a19d2c4adc94b838606a5d459f85) Importer(815301076,1909f56bfc062723c751e8b465ee728b)  -> (artifact id: '1a0cc618293361b2109ead9928262a6b') in 0.047384 seconds
  Import took 0.054055 seconds .

========================================================================
Received Import Request.
  Time since last request: 3.605918 seconds.
  path: Assets/PolygonApocalypse/Prefabs/Weapons/Guns/SM_Wep_AssaultRifle_01.prefab
  artifactKey: Guid(ad49a19d2c4adc94b838606a5d459f85) Importer(815301076,1909f56bfc062723c751e8b465ee728b)
Start importing Assets/PolygonApocalypse/Prefabs/Weapons/Guns/SM_Wep_AssaultRifle_01.prefab using Guid(ad49a19d2c4adc94b838606a5d459f85) Importer(815301076,1909f56bfc062723c751e8b465ee728b)  -> (artifact id: 'e30f18ccae48f4535593d2381d7e662d') in 0.050253 seconds
  Import took 0.056718 seconds .

========================================================================
Received Import Request.
  Time since last request: 2.969547 seconds.
  path: Assets/PolygonApocalypse/Prefabs/Weapons/Guns/SM_Wep_AssaultRifle_01.prefab
  artifactKey: Guid(ad49a19d2c4adc94b838606a5d459f85) Importer(815301076,1909f56bfc062723c751e8b465ee728b)
Start importing Assets/PolygonApocalypse/Prefabs/Weapons/Guns/SM_Wep_AssaultRifle_01.prefab using Guid(ad49a19d2c4adc94b838606a5d459f85) Importer(815301076,1909f56bfc062723c751e8b465ee728b)  -> (artifact id: '2054cfed692af94a156fca8f4001c8a0') in 0.051569 seconds
  Import took 0.057993 seconds .

========================================================================
Received Import Request.
  Time since last request: 3.379893 seconds.
  path: Assets/PolygonApocalypse/Prefabs/Weapons/Guns/SM_Wep_AssaultRifle_01.prefab
  artifactKey: Guid(ad49a19d2c4adc94b838606a5d459f85) Importer(815301076,1909f56bfc062723c751e8b465ee728b)
Start importing Assets/PolygonApocalypse/Prefabs/Weapons/Guns/SM_Wep_AssaultRifle_01.prefab using Guid(ad49a19d2c4adc94b838606a5d459f85) Importer(815301076,1909f56bfc062723c751e8b465ee728b)  -> (artifact id: '74c9b5f36dcadc18a6de118a2f7b1f97') in 0.052919 seconds
  Import took 0.059509 seconds .

========================================================================
Received Import Request.
  Time since last request: 1.163716 seconds.
  path: Assets/PolygonApocalypse/Prefabs/Weapons/Guns/SM_Wep_AssaultRifle_01.prefab
  artifactKey: Guid(ad49a19d2c4adc94b838606a5d459f85) Importer(815301076,1909f56bfc062723c751e8b465ee728b)
Start importing Assets/PolygonApocalypse/Prefabs/Weapons/Guns/SM_Wep_AssaultRifle_01.prefab using Guid(ad49a19d2c4adc94b838606a5d459f85) Importer(815301076,1909f56bfc062723c751e8b465ee728b)  -> (artifact id: '41791f8602c959b990c1c5607750804d') in 0.049391 seconds
  Import took 0.055752 seconds .

AssetImportWorkerClient::OnTransportError - code=2 error=End of file
